<?xml version="1.0" encoding="UTF-8"?>
<!-- Generated by org.testng.reporters.JUnitReportReporter -->
<testsuite hostname="DESKTOP-NPK11H1" failures="0" tests="1" name="com.Bayt.HomeTest.HomeTest" time="72.808" errors="0" timestamp="2023-05-11T06:19:40 EEST" skipped="0">
  <testcase classname="com.Bayt.HomeTest.HomeTest" name="Home" time="72.808"/>
  <system-out/>
</testsuite> <!-- com.Bayt.HomeTest.HomeTest -->
