<?xml version="1.0" encoding="UTF-8"?>
<!-- Generated by org.testng.reporters.JUnitReportReporter -->
<testsuite hostname="DESKTOP-NPK11H1" failures="0" tests="1" name="com.Bayt.MainTest.LoginTest" time="13.698" errors="0" timestamp="2023-05-06T08:44:32 EEST" skipped="0">
  <testcase classname="com.Bayt.MainTest.LoginTest" name="Logintest" time="13.698"/>
  <system-out/>
</testsuite> <!-- com.Bayt.MainTest.LoginTest -->
