<?xml version="1.0" encoding="UTF-8"?>
<!-- Generated by org.testng.reporters.JUnitReportReporter -->
<testsuite hostname="DESKTOP-NPK11H1" failures="0" tests="1" name="com.Bayt.HomeTest.HomeHeaderAsGestTest" time="34.310" errors="0" timestamp="2023-06-08T17:03:08 EEST" skipped="0">
  <testcase classname="com.Bayt.HomeTest.HomeHeaderAsGestTest" name="HeaderLinks" time="34.310"/>
  <system-out/>
</testsuite> <!-- com.Bayt.HomeTest.HomeHeaderAsGestTest -->
