<?xml version="1.0" encoding="UTF-8"?>
<!-- Generated by org.testng.reporters.JUnitReportReporter -->
<testsuite hostname="DESKTOP-NPK11H1" failures="0" tests="1" name="com.Bayt.MainTest.LoginTest" time="12.173" errors="0" timestamp="2023-01-30T21:51:08 GMT" skipped="0">
  <testcase classname="com.Bayt.MainTest.LoginTest" name="EasyApply" time="12.173"/>
  <system-out/>
</testsuite> <!-- com.Bayt.MainTest.LoginTest -->
