<?xml version="1.0" encoding="UTF-8"?>
<!-- Generated by org.testng.reporters.JUnitReportReporter -->
<testsuite hostname="DESKTOP-NPK11H1" failures="0" tests="1" name="com.Bayt.RegisterandApplyTest.ApplyTest" time="91.838" errors="0" timestamp="2023-01-30T21:51:08 GMT" skipped="0">
  <testcase classname="com.Bayt.RegisterandApplyTest.ApplyTest" name="EasyApply" time="91.838"/>
  <system-out/>
</testsuite> <!-- com.Bayt.RegisterandApplyTest.ApplyTest -->
