<?xml version="1.0" encoding="UTF-8"?>
<!-- Generated by org.testng.reporters.JUnitReportReporter -->
<testsuite hostname="DESKTOP-NPK11H1" failures="0" tests="1" name="com.Bayt.FindJopsTest.ExecutiveJobsTest" time="20.623" errors="0" timestamp="2023-06-08T17:03:08 EEST" skipped="0">
  <testcase classname="com.Bayt.FindJopsTest.ExecutiveJobsTest" name="Footer" time="20.623"/>
  <system-out/>
</testsuite> <!-- com.Bayt.FindJopsTest.ExecutiveJobsTest -->
