<?xml version="1.0" encoding="UTF-8"?>
<!-- Generated by org.testng.reporters.JUnitReportReporter -->
<testsuite hostname="DESKTOP-NPK11H1" failures="0" tests="1" name="com.Bayt.AboutUsTest.AboutUsTest" time="10.740" errors="0" timestamp="2023-02-06T10:13:35 EET" skipped="0">
  <testcase classname="com.Bayt.AboutUsTest.AboutUsTest" name="AboutUs" time="10.740"/>
  <system-out/>
</testsuite> <!-- com.Bayt.AboutUsTest.AboutUsTest -->
