<?xml version="1.0" encoding="UTF-8"?>
<!-- Generated by org.testng.reporters.JUnitReportReporter -->
<testsuite hostname="DESKTOP-NPK11H1" failures="0" tests="1" name="com.Bayt.AboutUsTest.AboutUsTest" time="8.644" errors="0" timestamp="2023-01-30T21:51:08 GMT" skipped="0">
  <testcase classname="com.Bayt.AboutUsTest.AboutUsTest" name="AboutUs" time="8.644"/>
  <system-out/>
</testsuite> <!-- com.Bayt.AboutUsTest.AboutUsTest -->
