<?xml version="1.0" encoding="UTF-8"?>
<!-- Generated by org.testng.reporters.JUnitReportReporter -->
<testsuite hostname="DESKTOP-NPK11H1" failures="0" tests="1" name="com.Bayt.RegisterandApplyTest.CheekEmailRlreadyTest" time="22.531" errors="0" timestamp="2023-05-06T08:44:32 EEST" skipped="0">
  <testcase classname="com.Bayt.RegisterandApplyTest.CheekEmailRlreadyTest" name="EasyApply" time="22.531"/>
  <system-out/>
</testsuite> <!-- com.Bayt.RegisterandApplyTest.CheekEmailRlreadyTest -->
